# JRE version: OpenJDK Runtime Environment (8.0_112-b06) (build 1.8.0_112-release-b06)
# Java VM: OpenJDK 64-Bit Server VM (25.112-b06 mixed mode windows-amd64 compressed oops)
Heap:
 PSYoungGen      total 249344K, used 174767K [0x00000000e0000000, 0x00000000f3b80000, 0x0000000100000000)
  eden space 221696K, 76% used [0x00000000e0000000,0x00000000ea4ab880,0x00000000ed880000)
  from space 27648K, 22% used [0x00000000ed880000,0x00000000ede806c0,0x00000000ef380000)
  to   space 27648K, 0% used [0x00000000f2080000,0x00000000f2080000,0x00000000f3b80000)
 ParOldGen       total 99840K, used 49097K [0x00000000a0000000, 0x00000000a6180000, 0x00000000e0000000)
  object space 99840K, 49% used [0x00000000a0000000,0x00000000a2ff2408,0x00000000a6180000)
 Metaspace       used 68070K, capacity 71698K, committed 71808K, reserved 1112064K
  class space    used 8825K, capacity 9527K, committed 9600K, reserved 1048576K
GC Heap History (10 events):
Event: 2006.939 GC heap before
{Heap before GC invocations=18 (full 3):
 PSYoungGen      total 142848K, used 133433K [0x00000000e0000000, 0x00000000eb300000, 0x0000000100000000)
  eden space 128000K, 100% used [0x00000000e0000000,0x00000000e7d00000,0x00000000e7d00000)
  from space 14848K, 36% used [0x00000000ea480000,0x00000000ea9ce690,0x00000000eb300000)
  to   space 27648K, 0% used [0x00000000e7d00000,0x00000000e7d00000,0x00000000e9800000)
 ParOldGen       total 99840K, used 45291K [0x00000000a0000000, 0x00000000a6180000, 0x00000000e0000000)
  object space 99840K, 45% used [0x00000000a0000000,0x00000000a2c3ac70,0x00000000a6180000)
 Metaspace       used 63761K, capacity 66420K, committed 66688K, reserved 1107968K
  class space    used 8423K, capacity 8971K, committed 9088K, reserved 1048576K
Event: 2009.487 GC heap after
Heap after GC invocations=18 (full 3):
 PSYoungGen      total 155648K, used 11328K [0x00000000e0000000, 0x00000000ee600000, 0x0000000100000000)
  eden space 128000K, 0% used [0x00000000e0000000,0x00000000e0000000,0x00000000e7d00000)
  from space 27648K, 40% used [0x00000000e7d00000,0x00000000e8810050,0x00000000e9800000)
  to   space 26112K, 0% used [0x00000000ecc80000,0x00000000ecc80000,0x00000000ee600000)
 ParOldGen       total 99840K, used 45299K [0x00000000a0000000, 0x00000000a6180000, 0x00000000e0000000)
  object space 99840K, 45% used [0x00000000a0000000,0x00000000a2c3cc70,0x00000000a6180000)
 Metaspace       used 63761K, capacity 66420K, committed 66688K, reserved 1107968K
  class space    used 8423K, capacity 8971K, committed 9088K, reserved 1048576K
}
Event: 2021.367 GC heap before
{Heap before GC invocations=19 (full 3):
 PSYoungGen      total 155648K, used 139328K [0x00000000e0000000, 0x00000000ee600000, 0x0000000100000000)
  eden space 128000K, 100% used [0x00000000e0000000,0x00000000e7d00000,0x00000000e7d00000)
  from space 27648K, 40% used [0x00000000e7d00000,0x00000000e8810050,0x00000000e9800000)
  to   space 26112K, 0% used [0x00000000ecc80000,0x00000000ecc80000,0x00000000ee600000)
 ParOldGen       total 99840K, used 45299K [0x00000000a0000000, 0x00000000a6180000, 0x00000000e0000000)
  object space 99840K, 45% used [0x00000000a0000000,0x00000000a2c3cc70,0x00000000a6180000)
 Metaspace       used 65546K, capacity 68362K, committed 68608K, reserved 1107968K
  class space    used 8628K, capacity 9192K, committed 9216K, reserved 1048576K
Event: 2021.437 GC heap after
Heap after GC invocations=19 (full 3):
 PSYoungGen      total 200192K, used 9163K [0x00000000e0000000, 0x00000000ee080000, 0x0000000100000000)
  eden space 179712K, 0% used [0x00000000e0000000,0x00000000e0000000,0x00000000eaf80000)
  from space 20480K, 44% used [0x00000000ecc80000,0x00000000ed572dc8,0x00000000ee080000)
  to   space 25088K, 0% used [0x00000000eaf80000,0x00000000eaf80000,0x00000000ec800000)
 ParOldGen       total 99840K, used 45307K [0x00000000a0000000, 0x00000000a6180000, 0x00000000e0000000)
  object space 99840K, 45% used [0x00000000a0000000,0x00000000a2c3ec70,0x00000000a6180000)
 Metaspace       used 65546K, capacity 68362K, committed 68608K, reserved 1107968K
  class space    used 8628K, capacity 9192K, committed 9216K, reserved 1048576K
}
Event: 2025.817 GC heap before
{Heap before GC invocations=20 (full 3):
 PSYoungGen      total 200192K, used 188875K [0x00000000e0000000, 0x00000000ee080000, 0x0000000100000000)
  eden space 179712K, 100% used [0x00000000e0000000,0x00000000eaf80000,0x00000000eaf80000)
  from space 20480K, 44% used [0x00000000ecc80000,0x00000000ed572dc8,0x00000000ee080000)
  to   space 25088K, 0% used [0x00000000eaf80000,0x00000000eaf80000,0x00000000ec800000)
 ParOldGen       total 99840K, used 45307K [0x00000000a0000000, 0x00000000a6180000, 0x00000000e0000000)
  object space 99840K, 45% used [0x00000000a0000000,0x00000000a2c3ec70,0x00000000a6180000)
 Metaspace       used 66079K, capacity 68784K, committed 68992K, reserved 1110016K
  class space    used 8659K, capacity 9225K, committed 9344K, reserved 1048576K
Event: 2025.854 GC heap after
Heap after GC invocations=20 (full 3):
 PSYoungGen      total 204800K, used 19755K [0x00000000e0000000, 0x00000000f1080000, 0x0000000100000000)
  eden space 179712K, 0% used [0x00000000e0000000,0x00000000e0000000,0x00000000eaf80000)
  from space 25088K, 78% used [0x00000000eaf80000,0x00000000ec2caca0,0x00000000ec800000)
  to   space 26624K, 0% used [0x00000000ef680000,0x00000000ef680000,0x00000000f1080000)
 ParOldGen       total 99840K, used 45315K [0x00000000a0000000, 0x00000000a6180000, 0x00000000e0000000)
  object space 99840K, 45% used [0x00000000a0000000,0x00000000a2c40c70,0x00000000a6180000)
 Metaspace       used 66079K, capacity 68784K, committed 68992K, reserved 1110016K
  class space    used 8659K, capacity 9225K, committed 9344K, reserved 1048576K
}
Event: 4893.759 GC heap before
{Heap before GC invocations=21 (full 3):
 PSYoungGen      total 204800K, used 199467K [0x00000000e0000000, 0x00000000f1080000, 0x0000000100000000)
  eden space 179712K, 100% used [0x00000000e0000000,0x00000000eaf80000,0x00000000eaf80000)
  from space 25088K, 78% used [0x00000000eaf80000,0x00000000ec2caca0,0x00000000ec800000)
  to   space 26624K, 0% used [0x00000000ef680000,0x00000000ef680000,0x00000000f1080000)
 ParOldGen       total 99840K, used 45315K [0x00000000a0000000, 0x00000000a6180000, 0x00000000e0000000)
  object space 99840K, 45% used [0x00000000a0000000,0x00000000a2c40c70,0x00000000a6180000)
 Metaspace       used 66774K, capacity 69958K, committed 70144K, reserved 1110016K
  class space    used 8719K, capacity 9362K, committed 9472K, reserved 1048576K
Event: 4902.999 GC heap after
Heap after GC invocations=21 (full 3):
 PSYoungGen      total 246272K, used 18943K [0x00000000e0000000, 0x00000000f0e80000, 0x0000000100000000)
  eden space 221696K, 0% used [0x00000000e0000000,0x00000000e0000000,0x00000000ed880000)
  from space 24576K, 77% used [0x00000000ef680000,0x00000000f08ffcd0,0x00000000f0e80000)
  to   space 27648K, 0% used [0x00000000ed880000,0x00000000ed880000,0x00000000ef380000)
 ParOldGen       total 99840K, used 47772K [0x00000000a0000000, 0x00000000a6180000, 0x00000000e0000000)
  object space 99840K, 47% used [0x00000000a0000000,0x00000000a2ea7388,0x00000000a6180000)
 Metaspace       used 66774K, capacity 69958K, committed 70144K, reserved 1110016K
  class space    used 8719K, capacity 9362K, committed 9472K, reserved 1048576K
}
Event: 4979.819 GC heap before
{Heap before GC invocations=22 (full 3):
 PSYoungGen      total 246272K, used 240639K [0x00000000e0000000, 0x00000000f0e80000, 0x0000000100000000)
  eden space 221696K, 100% used [0x00000000e0000000,0x00000000ed880000,0x00000000ed880000)
  from space 24576K, 77% used [0x00000000ef680000,0x00000000f08ffcd0,0x00000000f0e80000)
  to   space 27648K, 0% used [0x00000000ed880000,0x00000000ed880000,0x00000000ef380000)
 ParOldGen       total 99840K, used 47772K [0x00000000a0000000, 0x00000000a6180000, 0x00000000e0000000)
  object space 99840K, 47% used [0x00000000a0000000,0x00000000a2ea7388,0x00000000a6180000)
 Metaspace       used 67819K, capacity 71384K, committed 71552K, reserved 1112064K
  class space    used 8817K, capacity 9517K, committed 9600K, reserved 1048576K
Event: 4979.927 GC heap after
Heap after GC invocations=22 (full 3):
 PSYoungGen      total 249344K, used 6145K [0x00000000e0000000, 0x00000000f3b80000, 0x0000000100000000)
  eden space 221696K, 0% used [0x00000000e0000000,0x00000000e0000000,0x00000000ed880000)
  from space 27648K, 22% used [0x00000000ed880000,0x00000000ede806c0,0x00000000ef380000)
  to   space 27648K, 0% used [0x00000000f2080000,0x00000000f2080000,0x00000000f3b80000)
 ParOldGen       total 99840K, used 49097K [0x00000000a0000000, 0x00000000a6180000, 0x00000000e0000000)
  object space 99840K, 49% used [0x00000000a0000000,0x00000000a2ff2408,0x00000000a6180000)
 Metaspace       used 67819K, capacity 71384K, committed 71552K, reserved 1112064K
  class space    used 8817K, capacity 9517K, committed 9600K, reserved 1048576K
}

